# JRE version: OpenJDK Runtime Environment (17.0.6) (build 17.0.6+0-b2043.56-10027231)
# Java VM: OpenJDK 64-Bit Server VM (17.0.6+0-b2043.56-10027231, mixed mode, tiered, compressed oops, compressed class ptrs, g1 gc, windows-amd64)
GC Precious Log:
 CPUs: 8 total, 8 available
 Memory: 16064M
 Large Page Support: Disabled
 NUMA Support: Disabled
 Compressed Oops: Enabled (32-bit)
 Heap Region Size: 1M
 Heap Min Capacity: 8M
 Heap Initial Capacity: 252M
 Heap Max Capacity: 2G
 Pre-touch: Disabled
 Parallel Workers: 8
 Concurrent Workers: 2
 Concurrent Refinement Workers: 8
 Periodic GC: Disabled
Heap:
 garbage-first heap   total 138240K, used 79924K [0x0000000080000000, 0x0000000100000000)
  region size 1024K, 5 young (5120K), 5 survivors (5120K)
 Metaspace       used 84654K, committed 85312K, reserved 1130496K
  class space    used 11728K, committed 12032K, reserved 1048576K
GC Heap History (20 events):
Event: 4.567 GC heap after
{Heap after GC invocations=16 (full 0):
 garbage-first heap   total 100352K, used 47227K [0x0000000080000000, 0x0000000100000000)
  region size 1024K, 2 young (2048K), 2 survivors (2048K)
 Metaspace       used 58642K, committed 59136K, reserved 1105920K
  class space    used 7770K, committed 8000K, reserved 1048576K
}
Event: 4.648 GC heap before
{Heap before GC invocations=16 (full 0):
 garbage-first heap   total 100352K, used 52347K [0x0000000080000000, 0x0000000100000000)
  region size 1024K, 8 young (8192K), 2 survivors (2048K)
 Metaspace       used 59876K, committed 60288K, reserved 1105920K
  class space    used 7948K, committed 8128K, reserved 1048576K
}
Event: 4.650 GC heap after
{Heap after GC invocations=17 (full 0):
 garbage-first heap   total 100352K, used 47398K [0x0000000080000000, 0x0000000100000000)
  region size 1024K, 2 young (2048K), 2 survivors (2048K)
 Metaspace       used 59876K, committed 60288K, reserved 1105920K
  class space    used 7948K, committed 8128K, reserved 1048576K
}
Event: 4.796 GC heap before
{Heap before GC invocations=18 (full 0):
 garbage-first heap   total 100352K, used 60710K [0x0000000080000000, 0x0000000100000000)
  region size 1024K, 16 young (16384K), 2 survivors (2048K)
 Metaspace       used 62493K, committed 62976K, reserved 1105920K
  class space    used 8299K, committed 8512K, reserved 1048576K
}
Event: 4.798 GC heap after
{Heap after GC invocations=19 (full 0):
 garbage-first heap   total 100352K, used 49120K [0x0000000080000000, 0x0000000100000000)
  region size 1024K, 4 young (4096K), 4 survivors (4096K)
 Metaspace       used 62493K, committed 62976K, reserved 1105920K
  class space    used 8299K, committed 8512K, reserved 1048576K
}
Event: 4.995 GC heap before
{Heap before GC invocations=20 (full 0):
 garbage-first heap   total 114688K, used 81888K [0x0000000080000000, 0x0000000100000000)
  region size 1024K, 31 young (31744K), 4 survivors (4096K)
 Metaspace       used 64433K, committed 64960K, reserved 1105920K
  class space    used 8545K, committed 8768K, reserved 1048576K
}
Event: 4.998 GC heap after
{Heap after GC invocations=21 (full 0):
 garbage-first heap   total 114688K, used 51535K [0x0000000080000000, 0x0000000100000000)
  region size 1024K, 4 young (4096K), 4 survivors (4096K)
 Metaspace       used 64433K, committed 64960K, reserved 1105920K
  class space    used 8545K, committed 8768K, reserved 1048576K
}
Event: 5.270 GC heap before
{Heap before GC invocations=21 (full 0):
 garbage-first heap   total 114688K, used 85327K [0x0000000080000000, 0x0000000100000000)
  region size 1024K, 36 young (36864K), 4 survivors (4096K)
 Metaspace       used 67186K, committed 67776K, reserved 1114112K
  class space    used 8878K, committed 9152K, reserved 1048576K
}
Event: 5.273 GC heap after
{Heap after GC invocations=22 (full 0):
 garbage-first heap   total 138240K, used 55238K [0x0000000080000000, 0x0000000100000000)
  region size 1024K, 4 young (4096K), 4 survivors (4096K)
 Metaspace       used 67186K, committed 67776K, reserved 1114112K
  class space    used 8878K, committed 9152K, reserved 1048576K
}
Event: 5.445 GC heap before
{Heap before GC invocations=22 (full 0):
 garbage-first heap   total 138240K, used 99270K [0x0000000080000000, 0x0000000100000000)
  region size 1024K, 47 young (48128K), 4 survivors (4096K)
 Metaspace       used 67677K, committed 68224K, reserved 1114112K
  class space    used 8971K, committed 9216K, reserved 1048576K
}
Event: 5.448 GC heap after
{Heap after GC invocations=23 (full 0):
 garbage-first heap   total 138240K, used 58011K [0x0000000080000000, 0x0000000100000000)
  region size 1024K, 4 young (4096K), 4 survivors (4096K)
 Metaspace       used 67677K, committed 68224K, reserved 1114112K
  class space    used 8971K, committed 9216K, reserved 1048576K
}
Event: 5.901 GC heap before
{Heap before GC invocations=23 (full 0):
 garbage-first heap   total 138240K, used 102043K [0x0000000080000000, 0x0000000100000000)
  region size 1024K, 47 young (48128K), 4 survivors (4096K)
 Metaspace       used 72971K, committed 73536K, reserved 1114112K
  class space    used 9908K, committed 10176K, reserved 1048576K
}
Event: 5.904 GC heap after
{Heap after GC invocations=24 (full 0):
 garbage-first heap   total 138240K, used 60839K [0x0000000080000000, 0x0000000100000000)
  region size 1024K, 3 young (3072K), 3 survivors (3072K)
 Metaspace       used 72971K, committed 73536K, reserved 1114112K
  class space    used 9908K, committed 10176K, reserved 1048576K
}
Event: 6.326 GC heap before
{Heap before GC invocations=24 (full 0):
 garbage-first heap   total 138240K, used 105895K [0x0000000080000000, 0x0000000100000000)
  region size 1024K, 47 young (48128K), 3 survivors (3072K)
 Metaspace       used 77069K, committed 77696K, reserved 1122304K
  class space    used 10505K, committed 10816K, reserved 1048576K
}
Event: 6.329 GC heap after
{Heap after GC invocations=25 (full 0):
 garbage-first heap   total 138240K, used 64331K [0x0000000080000000, 0x0000000100000000)
  region size 1024K, 6 young (6144K), 6 survivors (6144K)
 Metaspace       used 77069K, committed 77696K, reserved 1122304K
  class space    used 10505K, committed 10816K, reserved 1048576K
}
Event: 6.716 GC heap before
{Heap before GC invocations=25 (full 0):
 garbage-first heap   total 138240K, used 108363K [0x0000000080000000, 0x0000000100000000)
  region size 1024K, 49 young (50176K), 6 survivors (6144K)
 Metaspace       used 81872K, committed 82496K, reserved 1122304K
  class space    used 11197K, committed 11456K, reserved 1048576K
}
Event: 6.720 GC heap after
{Heap after GC invocations=26 (full 0):
 garbage-first heap   total 138240K, used 67982K [0x0000000080000000, 0x0000000100000000)
  region size 1024K, 7 young (7168K), 7 survivors (7168K)
 Metaspace       used 81872K, committed 82496K, reserved 1122304K
  class space    used 11197K, committed 11456K, reserved 1048576K
}
Event: 6.892 GC heap before
{Heap before GC invocations=26 (full 0):
 garbage-first heap   total 138240K, used 109966K [0x0000000080000000, 0x0000000100000000)
  region size 1024K, 48 young (49152K), 7 survivors (7168K)
 Metaspace       used 82154K, committed 82752K, reserved 1122304K
  class space    used 11232K, committed 11520K, reserved 1048576K
}
Event: 6.900 GC heap after
{Heap after GC invocations=27 (full 0):
 garbage-first heap   total 138240K, used 74752K [0x0000000080000000, 0x0000000100000000)
  region size 1024K, 6 young (6144K), 6 survivors (6144K)
 Metaspace       used 82154K, committed 82752K, reserved 1122304K
  class space    used 11232K, committed 11520K, reserved 1048576K
}
Event: 7.302 GC heap before
{Heap before GC invocations=27 (full 0):
 garbage-first heap   total 138240K, used 109568K [0x0000000080000000, 0x0000000100000000)
  region size 1024K, 41 young (41984K), 6 survivors (6144K)
 Metaspace       used 84654K, committed 85312K, reserved 1130496K
  class space    used 11728K, committed 12032K, reserved 1048576K
}

