# JRE version: OpenJDK Runtime Environment (17.0.6) (build 17.0.6+0-b2043.56-10027231)
# Java VM: OpenJDK 64-Bit Server VM (17.0.6+0-b2043.56-10027231, mixed mode, tiered, compressed oops, compressed class ptrs, g1 gc, windows-amd64)
GC Precious Log:
 CPUs: 8 total, 8 available
 Memory: 16064M
 Large Page Support: Disabled
 NUMA Support: Disabled
 Compressed Oops: Enabled (32-bit)
 Heap Region Size: 1M
 Heap Min Capacity: 8M
 Heap Initial Capacity: 252M
 Heap Max Capacity: 2G
 Pre-touch: Disabled
 Parallel Workers: 8
 Concurrent Workers: 2
 Concurrent Refinement Workers: 8
 Periodic GC: Disabled
Heap:
 garbage-first heap   total 161792K, used 67606K [0x0000000080000000, 0x0000000100000000)
  region size 1024K, 12 young (12288K), 7 survivors (7168K)
 Metaspace       used 76721K, committed 77312K, reserved 1122304K
  class space    used 10436K, committed 10688K, reserved 1048576K
GC Heap History (20 events):
Event: 2.629 GC heap before
{Heap before GC invocations=9 (full 0):
 garbage-first heap   total 65536K, used 46489K [0x0000000080000000, 0x0000000100000000)
  region size 1024K, 26 young (26624K), 3 survivors (3072K)
 Metaspace       used 40344K, committed 40704K, reserved 1089536K
  class space    used 5358K, committed 5504K, reserved 1048576K
}
Event: 2.632 GC heap after
{Heap after GC invocations=10 (full 0):
 garbage-first heap   total 65536K, used 27411K [0x0000000080000000, 0x0000000100000000)
  region size 1024K, 4 young (4096K), 4 survivors (4096K)
 Metaspace       used 40344K, committed 40704K, reserved 1089536K
  class space    used 5358K, committed 5504K, reserved 1048576K
}
Event: 2.634 GC heap before
{Heap before GC invocations=10 (full 0):
 garbage-first heap   total 65536K, used 28435K [0x0000000080000000, 0x0000000100000000)
  region size 1024K, 5 young (5120K), 4 survivors (4096K)
 Metaspace       used 40344K, committed 40704K, reserved 1089536K
  class space    used 5358K, committed 5504K, reserved 1048576K
}
Event: 2.636 GC heap after
{Heap after GC invocations=11 (full 0):
 garbage-first heap   total 65536K, used 27745K [0x0000000080000000, 0x0000000100000000)
  region size 1024K, 1 young (1024K), 1 survivors (1024K)
 Metaspace       used 40344K, committed 40704K, reserved 1089536K
  class space    used 5358K, committed 5504K, reserved 1048576K
}
Event: 2.723 GC heap before
{Heap before GC invocations=11 (full 0):
 garbage-first heap   total 65536K, used 43105K [0x0000000080000000, 0x0000000100000000)
  region size 1024K, 16 young (16384K), 1 survivors (1024K)
 Metaspace       used 41046K, committed 41344K, reserved 1089536K
  class space    used 5441K, committed 5568K, reserved 1048576K
}
Event: 2.725 GC heap after
{Heap after GC invocations=12 (full 0):
 garbage-first heap   total 134144K, used 30212K [0x0000000080000000, 0x0000000100000000)
  region size 1024K, 3 young (3072K), 3 survivors (3072K)
 Metaspace       used 41046K, committed 41344K, reserved 1089536K
  class space    used 5441K, committed 5568K, reserved 1048576K
}
Event: 3.402 GC heap before
{Heap before GC invocations=12 (full 0):
 garbage-first heap   total 134144K, used 101892K [0x0000000080000000, 0x0000000100000000)
  region size 1024K, 71 young (72704K), 3 survivors (3072K)
 Metaspace       used 50083K, committed 50496K, reserved 1097728K
  class space    used 6643K, committed 6848K, reserved 1048576K
}
Event: 3.406 GC heap after
{Heap after GC invocations=13 (full 0):
 garbage-first heap   total 134144K, used 33866K [0x0000000080000000, 0x0000000100000000)
  region size 1024K, 7 young (7168K), 7 survivors (7168K)
 Metaspace       used 50083K, committed 50496K, reserved 1097728K
  class space    used 6643K, committed 6848K, reserved 1048576K
}
Event: 3.886 GC heap before
{Heap before GC invocations=13 (full 0):
 garbage-first heap   total 134144K, used 99402K [0x0000000080000000, 0x0000000100000000)
  region size 1024K, 69 young (70656K), 7 survivors (7168K)
 Metaspace       used 53686K, committed 54144K, reserved 1097728K
  class space    used 7119K, committed 7296K, reserved 1048576K
}
Event: 3.891 GC heap after
{Heap after GC invocations=14 (full 0):
 garbage-first heap   total 134144K, used 45923K [0x0000000080000000, 0x0000000100000000)
  region size 1024K, 9 young (9216K), 9 survivors (9216K)
 Metaspace       used 53686K, committed 54144K, reserved 1097728K
  class space    used 7119K, committed 7296K, reserved 1048576K
}
Event: 4.269 GC heap before
{Heap before GC invocations=14 (full 0):
 garbage-first heap   total 134144K, used 82787K [0x0000000080000000, 0x0000000100000000)
  region size 1024K, 46 young (47104K), 9 survivors (9216K)
 Metaspace       used 59967K, committed 60416K, reserved 1105920K
  class space    used 7949K, committed 8128K, reserved 1048576K
}
Event: 4.274 GC heap after
{Heap after GC invocations=15 (full 0):
 garbage-first heap   total 134144K, used 47591K [0x0000000080000000, 0x0000000100000000)
  region size 1024K, 2 young (2048K), 2 survivors (2048K)
 Metaspace       used 59967K, committed 60416K, reserved 1105920K
  class space    used 7949K, committed 8128K, reserved 1048576K
}
Event: 4.673 GC heap before
{Heap before GC invocations=16 (full 0):
 garbage-first heap   total 134144K, used 109031K [0x0000000080000000, 0x0000000100000000)
  region size 1024K, 56 young (57344K), 2 survivors (2048K)
 Metaspace       used 65265K, committed 65728K, reserved 1105920K
  class space    used 8634K, committed 8832K, reserved 1048576K
}
Event: 4.677 GC heap after
{Heap after GC invocations=17 (full 0):
 garbage-first heap   total 134144K, used 52986K [0x0000000080000000, 0x0000000100000000)
  region size 1024K, 7 young (7168K), 7 survivors (7168K)
 Metaspace       used 65265K, committed 65728K, reserved 1105920K
  class space    used 8634K, committed 8832K, reserved 1048576K
}
Event: 4.960 GC heap before
{Heap before GC invocations=17 (full 0):
 garbage-first heap   total 134144K, used 104186K [0x0000000080000000, 0x0000000100000000)
  region size 1024K, 56 young (57344K), 7 survivors (7168K)
 Metaspace       used 67608K, committed 68160K, reserved 1114112K
  class space    used 8951K, committed 9216K, reserved 1048576K
}
Event: 4.965 GC heap after
{Heap after GC invocations=18 (full 0):
 garbage-first heap   total 134144K, used 57057K [0x0000000080000000, 0x0000000100000000)
  region size 1024K, 4 young (4096K), 4 survivors (4096K)
 Metaspace       used 67608K, committed 68160K, reserved 1114112K
  class space    used 8951K, committed 9216K, reserved 1048576K
}
Event: 5.297 GC heap before
{Heap before GC invocations=18 (full 0):
 garbage-first heap   total 134144K, used 105185K [0x0000000080000000, 0x0000000100000000)
  region size 1024K, 51 young (52224K), 4 survivors (4096K)
 Metaspace       used 72068K, committed 72640K, reserved 1114112K
  class space    used 9766K, committed 10048K, reserved 1048576K
}
Event: 5.301 GC heap after
{Heap after GC invocations=19 (full 0):
 garbage-first heap   total 134144K, used 59706K [0x0000000080000000, 0x0000000100000000)
  region size 1024K, 7 young (7168K), 7 survivors (7168K)
 Metaspace       used 72068K, committed 72640K, reserved 1114112K
  class space    used 9766K, committed 10048K, reserved 1048576K
}
Event: 5.735 GC heap before
{Heap before GC invocations=19 (full 0):
 garbage-first heap   total 134144K, used 105786K [0x0000000080000000, 0x0000000100000000)
  region size 1024K, 52 young (53248K), 7 survivors (7168K)
 Metaspace       used 76233K, committed 76736K, reserved 1122304K
  class space    used 10370K, committed 10624K, reserved 1048576K
}
Event: 5.741 GC heap after
{Heap after GC invocations=20 (full 0):
 garbage-first heap   total 161792K, used 63510K [0x0000000080000000, 0x0000000100000000)
  region size 1024K, 7 young (7168K), 7 survivors (7168K)
 Metaspace       used 76233K, committed 76736K, reserved 1122304K
  class space    used 10370K, committed 10624K, reserved 1048576K
}

